C 0 0
C 0 0
C 0 0
C 0 0
C 0 0
C 0 0
Setting Run Timer 2
6 R 0 0
7 R 0 0
Blocking with io_time: 3
8 R 0 0
9 R 0 0
10 R 0 0
Setting Run Timer 3
11 R 0 0
12 R 0 0
13 R 0 0
-
Total time:      14
CPU Utilization: 
+-----+-----------+---------+-----------------+--------------+----------+--------+
| PID | Thread ID | Arrival | Turnaround Time | Service Time | I/O Time | Finish |
+-----+-----------+---------+-----------------+--------------+----------+--------+
| 0   | 0         | 0       | 14              | 5            | 3        | 14     |
+-----+-----------+---------+-----------------+--------------+----------+--------+
